<?xml version="1.0" encoding="UTF-8"?>
<!-- Generated by org.testng.reporters.JUnitXMLReporter -->
<testsuite ignored="0" hostname="LAPTOP-OUR44JJD" failures="0" tests="2" name="Default test" time="25.963" errors="0" timestamp="2026-04-20T17:29:42 IST">
  <testcase classname="rahulshettyacademy.Tests.StandalonetestUpdated" name="SubmitOrder" time="12.698"/>
  <testcase classname="rahulshettyacademy.Tests.StandalonetestUpdated" name="OrderHistoryPage" time="1.0"/>
</testsuite> <!-- Default test -->
