<?xml version="1.0" encoding="UTF-8"?>
<!-- Generated by org.testng.reporters.JUnitXMLReporter -->
<testsuite ignored="0" hostname="LAPTOP-OUR44JJD" failures="0" tests="2" name="ErrorValidation" time="21.927" errors="0" timestamp="2026-04-20T15:53:19 IST">
  <testcase classname="rahulshettyacademy.Tests.ErrorValidations" name="ErrorValidationofLogin" time="0.794"/>
  <testcase classname="rahulshettyacademy.Tests.ErrorValidations" name="ErrorValidationofSubmitOrder" time="12.31"/>
</testsuite> <!-- ErrorValidation -->
