<?xml version="1.0" encoding="UTF-8"?>
<testng-results ignored="0" total="2" passed="2" failed="0" skipped="0">
  <reporter-output>
  </reporter-output>
  <suite started-at="2026-04-20T17:29:16 IST" name="Default suite" finished-at="2026-04-20T17:29:42 IST" duration-ms="25963">
    <groups>
    </groups>
    <test started-at="2026-04-20T17:29:16 IST" name="Default test" finished-at="2026-04-20T17:29:42 IST" duration-ms="25963">
      <class name="rahulshettyacademy.Tests.StandalonetestUpdated">
        <test-method is-config="true" signature="LaunchApplication()[pri:0, instance:rahulshettyacademy.Tests.StandalonetestUpdated@47eaca72]" started-at="2026-04-20T17:29:16 IST" name="LaunchApplication" finished-at="2026-04-20T17:29:24 IST" duration-ms="7892" status="PASS">
          <reporter-output>
          </reporter-output>
        </test-method> <!-- LaunchApplication -->
        <test-method signature="SubmitOrder()[pri:0, instance:rahulshettyacademy.Tests.StandalonetestUpdated@47eaca72]" started-at="2026-04-20T17:29:24 IST" name="SubmitOrder" finished-at="2026-04-20T17:29:37 IST" duration-ms="12698" status="PASS">
          <reporter-output>
          </reporter-output>
        </test-method> <!-- SubmitOrder -->
        <test-method is-config="true" signature="TearDown()[pri:0, instance:rahulshettyacademy.Tests.StandalonetestUpdated@47eaca72]" started-at="2026-04-20T17:29:37 IST" name="TearDown" finished-at="2026-04-20T17:29:38 IST" duration-ms="698" status="PASS">
          <reporter-output>
          </reporter-output>
        </test-method> <!-- TearDown -->
        <test-method is-config="true" signature="LaunchApplication()[pri:0, instance:rahulshettyacademy.Tests.StandalonetestUpdated@47eaca72]" started-at="2026-04-20T17:29:38 IST" name="LaunchApplication" finished-at="2026-04-20T17:29:41 IST" duration-ms="3318" status="PASS">
          <reporter-output>
          </reporter-output>
        </test-method> <!-- LaunchApplication -->
        <test-method signature="OrderHistoryPage()[pri:0, instance:rahulshettyacademy.Tests.StandalonetestUpdated@47eaca72]" started-at="2026-04-20T17:29:41 IST" name="OrderHistoryPage" finished-at="2026-04-20T17:29:42 IST" depends-on-methods="rahulshettyacademy.Tests.StandalonetestUpdated.SubmitOrder" duration-ms="1000" status="PASS">
          <reporter-output>
          </reporter-output>
        </test-method> <!-- OrderHistoryPage -->
        <test-method is-config="true" signature="TearDown()[pri:0, instance:rahulshettyacademy.Tests.StandalonetestUpdated@47eaca72]" started-at="2026-04-20T17:29:42 IST" name="TearDown" finished-at="2026-04-20T17:29:42 IST" duration-ms="235" status="PASS">
          <reporter-output>
          </reporter-output>
        </test-method> <!-- TearDown -->
      </class> <!-- rahulshettyacademy.Tests.StandalonetestUpdated -->
    </test> <!-- Default test -->
  </suite> <!-- Default suite -->
</testng-results>
