<?xml version="1.0" encoding="UTF-8"?>
<!-- Generated by org.testng.reporters.JUnitReportReporter -->
<testsuite hostname="LAPTOP-OUR44JJD" failures="0" tests="2" name="rahulshettyacademy.Tests.StandalonetestUpdated" time="25.841" errors="0" timestamp="2026-04-20T17:29:42 IST" skipped="0">
  <testcase classname="rahulshettyacademy.Tests.StandalonetestUpdated" name="OrderHistoryPage" time="9.127"/>
  <testcase classname="rahulshettyacademy.Tests.StandalonetestUpdated" name="SubmitOrder" time="16.714"/>
</testsuite> <!-- rahulshettyacademy.Tests.StandalonetestUpdated -->
