<?xml version="1.0" encoding="UTF-8"?>
<!-- Generated by org.testng.reporters.JUnitReportReporter -->
<testsuite hostname="LAPTOP-OUR44JJD" failures="0" tests="2" name="rahulshettyacademy.Tests.ErrorValidations" time="21.900" errors="0" timestamp="2026-04-20T15:53:19 IST" skipped="0">
  <testcase classname="rahulshettyacademy.Tests.ErrorValidations" name="ErrorValidationofSubmitOrder" time="15.261"/>
  <testcase classname="rahulshettyacademy.Tests.ErrorValidations" name="ErrorValidationofLogin" time="6.639"/>
</testsuite> <!-- rahulshettyacademy.Tests.ErrorValidations -->
